2016-12-01 15:12:44 Debug: Notice (8): Undefined property: SessionComponent::$enabled in [F:\wampserver\wamp\www\Coordino\cake\libs\controller\component.php, line 142]
2016-12-13 09:51:50 Debug: Notice (8): Use of undefined constant DEFAULT_LANGUAGE - assumed 'DEFAULT_LANGUAGE' in [F:\wampserver\wamp\www\Coordino\app\controllers\components\p28n.php, line 7]
2016-12-21 15:21:19 Debug: Notice (8): Use of undefined constant DEFAULT_LANGUAGE - assumed 'DEFAULT_LANGUAGE' in [F:\wampserver\wamp\www\Coordino\app\controllers\components\p28n.php, line 7]
2017-01-08 16:37:45 Notice: Notice (8): Undefined index: global in [/home/u158882339/public_html/forum/app/controllers/widgets_controller.php, line 44]
2017-01-08 18:17:22 Notice: Notice (8): Undefined index: query in [/home/u158882339/public_html/forum/app/controllers/posts_controller.php, line 552]
2017-01-08 18:17:27 Notice: Notice (8): Undefined index: query in [/home/u158882339/public_html/forum/app/controllers/users_controller.php, line 355]
2017-01-10 16:53:07 Notice: Notice (8): Undefined variable: questions in [/home/u158882339/public_html/forum/app/models/tag.php, line 92]
2017-01-12 09:32:45 Notice: Notice (8): Undefined variable: questions in [/home/u158882339/public_html/forum/app/models/tag.php, line 92]
2017-01-12 15:32:18 Notice: Notice (8): Undefined variable: questions in [/home/u158882339/public_html/forum/app/models/tag.php, line 92]
2017-01-12 19:34:38 Notice: Notice (8): Undefined variable: questions in [/home/u158882339/public_html/forum/app/models/tag.php, line 92]
2017-01-12 22:46:01 Notice: Notice (8): Undefined variable: questions in [/home/u158882339/public_html/forum/app/models/tag.php, line 92]
2017-01-13 06:54:53 Notice: Notice (8): Undefined variable: questions in [/home/u158882339/public_html/forum/app/models/tag.php, line 92]
2017-01-13 08:05:54 Notice: Notice (8): Undefined variable: questions in [/home/u158882339/public_html/forum/app/models/tag.php, line 92]
2017-01-13 10:51:04 Notice: Notice (8): Undefined variable: questions in [/home/u158882339/public_html/forum/app/models/tag.php, line 92]
2017-01-13 18:27:38 Notice: Notice (8): Undefined index: query in [/home/u158882339/public_html/forum/app/controllers/users_controller.php, line 355]
2017-01-15 12:32:53 Notice: Notice (8): Undefined index: query in [/home/u158882339/public_html/forum/app/controllers/users_controller.php, line 355]
2017-01-16 03:27:40 Notice: Notice (8): Undefined variable: questions in [/home/u158882339/public_html/forum/app/models/tag.php, line 92]
2017-01-18 15:56:50 Notice: Notice (8): Undefined variable: questions in [/home/u158882339/public_html/forum/app/models/tag.php, line 92]
2017-01-18 19:05:32 Notice: Notice (8): Undefined index: query in [/home/u158882339/public_html/forum/app/controllers/users_controller.php, line 355]
2017-01-22 01:13:20 Notice: Notice (8): Undefined variable: questions in [/home/u158882339/public_html/forum/app/models/tag.php, line 92]
2017-01-22 01:34:48 Notice: Notice (8): Undefined index: query in [/home/u158882339/public_html/forum/app/controllers/users_controller.php, line 355]
2017-02-19 09:49:03 Notice: Notice (8): Undefined variable: tag_list in [/home/u158882339/public_html/forum/app/controllers/posts_controller.php, line 455]
2017-02-19 09:50:44 Notice: Notice (8): Undefined variable: tag_list in [/home/u158882339/public_html/forum/app/controllers/posts_controller.php, line 455]
2017-02-22 14:06:02 Notice: Notice (8): Undefined index: query in [/home/u158882339/public_html/forum/app/controllers/users_controller.php, line 355]
2017-02-24 02:37:21 Notice: Notice (8): Undefined index: query in [/home/u158882339/public_html/forum/app/controllers/posts_controller.php, line 552]
2017-02-24 03:09:31 Notice: Notice (8): Undefined index: query in [/home/u158882339/public_html/forum/app/controllers/users_controller.php, line 355]
2017-03-17 06:30:36 Notice: Notice (8): Use of undefined constant DEFAULT_LANGUAGE - assumed 'DEFAULT_LANGUAGE' in [/home/u158882339/public_html/forum/app/controllers/components/p28n.php, line 7]
2017-03-17 06:30:36 Notice: Notice (8): Use of undefined constant DEFAULT_LANGUAGE - assumed 'DEFAULT_LANGUAGE' in [/home/u158882339/public_html/forum/app/controllers/components/p28n.php, line 7]
2017-03-17 06:30:36 Notice: Notice (8): Use of undefined constant DEFAULT_LANGUAGE - assumed 'DEFAULT_LANGUAGE' in [/home/u158882339/public_html/forum/app/controllers/components/p28n.php, line 7]
2017-03-17 06:30:36 Notice: Notice (8): Use of undefined constant DEFAULT_LANGUAGE - assumed 'DEFAULT_LANGUAGE' in [/home/u158882339/public_html/forum/app/controllers/components/p28n.php, line 7]
