2016-12-01 15:06:22 Warning: Warning (2): include_once(F:\wampserver\wamp\www\Coordino-master\app\config\database.php): failed to open stream: No such file or directory in [F:\wampserver\wamp\www\Coordino-master\cake\libs\model\connection_manager.php, line 23]
2016-12-01 15:06:22 Warning: Warning (2): include_once(): Failed opening 'F:\wampserver\wamp\www\Coordino-master\app\config\database.php' for inclusion (include_path='F:\wampserver\wamp\www\Coordino-master;F:\wampserver\wamp\www\Coordino-master\app\;.;C:\php\pear') in [F:\wampserver\wamp\www\Coordino-master\cake\libs\model\connection_manager.php, line 23]
2016-12-01 15:10:58 Warning: Warning (2): include_once(F:\wampserver\wamp\www\Coordino\app\config\database.php): failed to open stream: No such file or directory in [F:\wampserver\wamp\www\Coordino\cake\libs\model\connection_manager.php, line 23]
2016-12-01 15:10:58 Warning: Warning (2): include_once(): Failed opening 'F:\wampserver\wamp\www\Coordino\app\config\database.php' for inclusion (include_path='F:\wampserver\wamp\www\Coordino;F:\wampserver\wamp\www\Coordino\app\;.;C:\php\pear') in [F:\wampserver\wamp\www\Coordino\cake\libs\model\connection_manager.php, line 23]
2016-12-13 12:34:32 Warning: Warning (2): Creating default object from empty value in [F:\wampserver\wamp\www\Coordino\app\models\post.php, line 341]
2017-01-08 15:56:47 Warning: Warning (2): mysql_pconnect(): Access denied for user 'admin'@'10.1.2.34' (using password: YES) in [/home/u158882339/public_html/forum/cake/libs/model/datasources/dbo/dbo_mysql.php, line 564]
2017-01-08 15:56:47 Warning: Warning (2): mysql_query() expects parameter 2 to be resource, boolean given in [/home/u158882339/public_html/forum/cake/libs/model/datasources/dbo/dbo_mysql.php, line 613]
2017-01-08 15:57:30 Warning: Warning (2): mysql_pconnect(): Access denied for user 'admin'@'10.1.2.34' (using password: YES) in [/home/u158882339/public_html/forum/cake/libs/model/datasources/dbo/dbo_mysql.php, line 564]
2017-01-08 15:57:30 Warning: Warning (2): mysql_query() expects parameter 2 to be resource, boolean given in [/home/u158882339/public_html/forum/cake/libs/model/datasources/dbo/dbo_mysql.php, line 613]
2017-01-08 15:57:44 Warning: Warning (2): mysql_pconnect(): Access denied for user 'admin'@'10.1.2.34' (using password: YES) in [/home/u158882339/public_html/forum/cake/libs/model/datasources/dbo/dbo_mysql.php, line 564]
2017-01-08 15:57:44 Warning: Warning (2): mysql_query() expects parameter 2 to be resource, boolean given in [/home/u158882339/public_html/forum/cake/libs/model/datasources/dbo/dbo_mysql.php, line 613]
2017-01-10 16:53:07 Warning: Warning (2): array_reverse() expects parameter 1 to be array, null given in [/home/u158882339/public_html/forum/app/models/tag.php, line 92]
2017-01-11 13:39:11 Warning: Warning (2): mysql_pconnect(): User 'u158882339_fgate' has exceeded the 'max_user_connections' resource (current value: 3) in [/home/u158882339/public_html/forum/cake/libs/model/datasources/dbo/dbo_mysql.php, line 564]
2017-01-11 13:39:12 Warning: Warning (2): mysql_query() expects parameter 2 to be resource, boolean given in [/home/u158882339/public_html/forum/cake/libs/model/datasources/dbo/dbo_mysql.php, line 613]
2017-01-12 09:32:45 Warning: Warning (2): array_reverse() expects parameter 1 to be array, null given in [/home/u158882339/public_html/forum/app/models/tag.php, line 92]
2017-01-12 15:32:18 Warning: Warning (2): array_reverse() expects parameter 1 to be array, null given in [/home/u158882339/public_html/forum/app/models/tag.php, line 92]
2017-01-12 19:34:38 Warning: Warning (2): array_reverse() expects parameter 1 to be array, null given in [/home/u158882339/public_html/forum/app/models/tag.php, line 92]
2017-01-12 22:46:01 Warning: Warning (2): array_reverse() expects parameter 1 to be array, null given in [/home/u158882339/public_html/forum/app/models/tag.php, line 92]
2017-01-13 06:54:53 Warning: Warning (2): array_reverse() expects parameter 1 to be array, null given in [/home/u158882339/public_html/forum/app/models/tag.php, line 92]
2017-01-13 08:05:56 Warning: Warning (2): array_reverse() expects parameter 1 to be array, null given in [/home/u158882339/public_html/forum/app/models/tag.php, line 92]
2017-01-13 10:51:04 Warning: Warning (2): array_reverse() expects parameter 1 to be array, null given in [/home/u158882339/public_html/forum/app/models/tag.php, line 92]
2017-01-16 03:27:40 Warning: Warning (2): array_reverse() expects parameter 1 to be array, null given in [/home/u158882339/public_html/forum/app/models/tag.php, line 92]
2017-01-18 15:56:50 Warning: Warning (2): array_reverse() expects parameter 1 to be array, null given in [/home/u158882339/public_html/forum/app/models/tag.php, line 92]
2017-01-22 01:13:20 Warning: Warning (2): array_reverse() expects parameter 1 to be array, null given in [/home/u158882339/public_html/forum/app/models/tag.php, line 92]
2017-01-27 20:44:37 Warning: Warning (2): mysql_pconnect(): User 'u158882339_fgate' has exceeded the 'max_user_connections' resource (current value: 3) in [/home/u158882339/public_html/forum/cake/libs/model/datasources/dbo/dbo_mysql.php, line 564]
2017-01-27 20:44:37 Warning: Warning (2): mysql_query() expects parameter 2 to be resource, boolean given in [/home/u158882339/public_html/forum/cake/libs/model/datasources/dbo/dbo_mysql.php, line 613]
2017-01-27 20:44:37 Warning: Warning (2): mysql_pconnect(): User 'u158882339_fgate' has exceeded the 'max_user_connections' resource (current value: 3) in [/home/u158882339/public_html/forum/cake/libs/model/datasources/dbo/dbo_mysql.php, line 564]
2017-01-27 20:44:37 Warning: Warning (2): mysql_query() expects parameter 2 to be resource, boolean given in [/home/u158882339/public_html/forum/cake/libs/model/datasources/dbo/dbo_mysql.php, line 613]
2017-01-30 04:04:50 Warning: Warning (2): Creating default object from empty value in [/home/u158882339/public_html/forum/app/models/post.php, line 341]
2017-01-30 04:05:21 Warning: Warning (2): Creating default object from empty value in [/home/u158882339/public_html/forum/app/models/post.php, line 341]
2017-01-30 04:10:01 Warning: Warning (2): Creating default object from empty value in [/home/u158882339/public_html/forum/app/models/post.php, line 341]
2017-01-30 04:10:08 Warning: Warning (2): Creating default object from empty value in [/home/u158882339/public_html/forum/app/models/post.php, line 341]
2017-01-30 04:10:13 Warning: Warning (2): Creating default object from empty value in [/home/u158882339/public_html/forum/app/models/post.php, line 341]
2017-03-23 17:19:06 Warning: Warning (2): mysql_pconnect(): php_network_getaddresses: getaddrinfo failed: No such host is known.  in [F:\wampserver\wamp\www\Coordino\cake\libs\model\datasources\dbo\dbo_mysql.php, line 564]
2017-03-23 17:19:06 Warning: Warning (2): mysql_pconnect(): php_network_getaddresses: getaddrinfo failed: No such host is known.  in [F:\wampserver\wamp\www\Coordino\cake\libs\model\datasources\dbo\dbo_mysql.php, line 564]
2017-03-23 17:19:06 Warning: Warning (2): mysql_query() expects parameter 2 to be resource, boolean given in [F:\wampserver\wamp\www\Coordino\cake\libs\model\datasources\dbo\dbo_mysql.php, line 613]
